hostname: Qixalite Official - #8
version : 3755511/24 3755511 secure
udp/ip  : 168.1.12.99:60085  (public ip: 168.1.12.99)
steamid : [A:1:1025787911:7895] (90105902339999751)
account : not logged in  (No account specified)
map     : cp_badlands at: 0 x, 0 y, 0 z
tags    : cp,increased_maxplayers,nocrits
sourcetv:  port 60086, delay 90.0s
players : 1 humans, 1 bots (33 max)
edicts  : 570 used of 2048 max
         Spawns Points Kills Deaths Assists
Scout         0      0     0      0       0
Sniper        0      0     0      0       0
Soldier       0      0     0      0       0
Demoman       0      0     0      0       0
Medic         0      0     0      0       0
Heavy         0      0     0      0       0
Pyro          0      0     0      0       0
Spy           0      0     0      0       0
Engineer      0      0     0      0       0

# userid name                uniqueid            connected ping loss state  adr
#      2 "QixTV"             BOT                                     active
#      3 "Alex"              [U:1:103542307]     00:29      213    0 active 58.179.73.236:27005
#      4 "TheHolyKetchup"    [U:1:214653418]     10:11       10    0 active 168.1.12.99:27005
Loaded plugins:
---------------------
0:      "TFTrue v4.79, AnAkkk"
1:      "Metamod:Source 1.10.6"
---------------------